This file contains any messages produced by compilers while
running configure, to aid debugging if configure makes a mistake.

It was created by wzoj_judger configure 0.1, which was
generated by GNU Autoconf 2.69.  Invocation command line was

  $ ../configure 

## --------- ##
## Platform. ##
## --------- ##

hostname = vbox
uname -m = x86_64
uname -r = 4.19.0-27-amd64
uname -s = Linux
uname -v = #1 SMP Debian 4.19.316-1 (2024-06-25)

/usr/bin/uname -p = unknown
/bin/uname -X     = unknown

/bin/arch              = x86_64
/usr/bin/arch -k       = unknown
/usr/convex/getsysinfo = unknown
/usr/bin/hostinfo      = unknown
/bin/machine           = unknown
/usr/bin/oslevel       = unknown
/bin/universe          = unknown

PATH: /usr/local/bin
PATH: /usr/bin
PATH: /bin
PATH: /usr/local/games
PATH: /usr/games


## ----------- ##
## Core tests. ##
## ----------- ##

configure:2467: checking for a BSD-compatible install
configure:2535: result: /usr/bin/install -c
configure:2546: checking whether build environment is sane
configure:2601: result: yes
configure:2750: checking for a thread-safe mkdir -p
configure:2789: result: /usr/bin/mkdir -p
configure:2796: checking for gawk
configure:2826: result: no
configure:2796: checking for mawk
configure:2812: found /usr/bin/mawk
configure:2823: result: mawk
configure:2834: checking whether make sets $(MAKE)
configure:2856: result: yes
configure:2885: checking whether make supports nested variables
configure:2902: result: yes
configure:3040: checking whether make supports nested variables
configure:3057: result: yes
configure:3127: checking for g++
configure:3143: found /usr/bin/g++
configure:3154: result: g++
configure:3181: checking for C++ compiler version
configure:3190: g++ --version >&5
g++ (Debian 8.3.0-6) 8.3.0
Copyright (C) 2018 Free Software Foundation, Inc.
This is free software; see the source for copying conditions.  There is NO
warranty; not even for MERCHANTABILITY or FITNESS FOR A PARTICULAR PURPOSE.

configure:3201: $? = 0
configure:3190: g++ -v >&5
Using built-in specs.
COLLECT_GCC=g++
COLLECT_LTO_WRAPPER=/usr/lib/gcc/x86_64-linux-gnu/8/lto-wrapper
OFFLOAD_TARGET_NAMES=nvptx-none
OFFLOAD_TARGET_DEFAULT=1
Target: x86_64-linux-gnu
Configured with: ../src/configure -v --with-pkgversion='Debian 8.3.0-6' --with-bugurl=file:///usr/share/doc/gcc-8/README.Bugs --enable-languages=c,ada,c++,go,brig,d,fortran,objc,obj-c++ --prefix=/usr --with-gcc-major-version-only --program-suffix=-8 --program-prefix=x86_64-linux-gnu- --enable-shared --enable-linker-build-id --libexecdir=/usr/lib --without-included-gettext --enable-threads=posix --libdir=/usr/lib --enable-nls --enable-bootstrap --enable-clocale=gnu --enable-libstdcxx-debug --enable-libstdcxx-time=yes --with-default-libstdcxx-abi=new --enable-gnu-unique-object --disable-vtable-verify --enable-libmpx --enable-plugin --enable-default-pie --with-system-zlib --with-target-system-zlib --enable-objc-gc=auto --enable-multiarch --disable-werror --with-arch-32=i686 --with-abi=m64 --with-multilib-list=m32,m64,mx32 --enable-multilib --with-tune=generic --enable-offload-targets=nvptx-none --without-cuda-driver --enable-checking=release --build=x86_64-linux-gnu --host=x86_64-linux-gnu --target=x86_64-linux-gnu
Thread model: posix
gcc version 8.3.0 (Debian 8.3.0-6) 
configure:3201: $? = 0
configure:3190: g++ -V >&5
g++: error: unrecognized command line option '-V'
g++: fatal error: no input files
compilation terminated.
configure:3201: $? = 1
configure:3190: g++ -qversion >&5
g++: error: unrecognized command line option '-qversion'; did you mean '--version'?
g++: fatal error: no input files
compilation terminated.
configure:3201: $? = 1
configure:3221: checking whether the C++ compiler works
configure:3243: g++    conftest.cpp  >&5
configure:3247: $? = 0
configure:3295: result: yes
configure:3298: checking for C++ compiler default output file name
configure:3300: result: a.out
configure:3306: checking for suffix of executables
configure:3313: g++ -o conftest    conftest.cpp  >&5
configure:3317: $? = 0
configure:3339: result: 
configure:3361: checking whether we are cross compiling
configure:3369: g++ -o conftest    conftest.cpp  >&5
configure:3373: $? = 0
configure:3380: ./conftest
configure:3384: $? = 0
configure:3372: result: no
configure:3377: checking for suffix of object files
configure:3399: g++ -c   conftest.cpp >&5
configure:3403: $? = 0
configure:3424: result: o
configure:3428: checking whether we are using the GNU C++ compiler
configure:3447: g++ -c   conftest.cpp >&5
configure:3447: $? = 0
configure:3456: result: yes
configure:3465: checking whether g++ accepts -g
configure:3485: g++ -c -g  conftest.cpp >&5
configure:3485: $? = 0
configure:3526: result: yes
configure:3552: checking whether make supports the include directive
configure:3567: make -f confmf.GNU && cat confinc.out
this is the am__doit target
configure:3570: $? = 0
configure:3589: result: yes (GNU style)
configure:3614: checking dependency style of g++
configure:3725: result: gcc3
configure:3745: checking whether NLS is requested
configure:3754: result: yes
configure:3772: checking for intltool >= 0.35.0
configure:3774: result: 0.51.0 found
configure:3782: checking for intltool-update
configure:3800: found /usr/bin/intltool-update
configure:3812: result: /usr/bin/intltool-update
configure:3822: checking for intltool-merge
configure:3840: found /usr/bin/intltool-merge
configure:3852: result: /usr/bin/intltool-merge
configure:3862: checking for intltool-extract
configure:3880: found /usr/bin/intltool-extract
configure:3892: result: /usr/bin/intltool-extract
configure:4046: checking for xgettext
configure:4064: found /usr/bin/xgettext
configure:4076: result: /usr/bin/xgettext
configure:4086: checking for msgmerge
configure:4104: found /usr/bin/msgmerge
configure:4116: result: /usr/bin/msgmerge
configure:4126: checking for msgfmt
configure:4144: found /usr/bin/msgfmt
configure:4156: result: /usr/bin/msgfmt
configure:4166: checking for gmsgfmt
configure:4197: result: /usr/bin/msgfmt
configure:4217: checking for perl
configure:4235: found /usr/bin/perl
configure:4247: result: /usr/bin/perl
configure:4258: checking for perl >= 5.8.1
configure:4265: result: 5.28.1
configure:4269: checking for XML::Parser
configure:4272: result: ok
configure:4341: checking for gcc
configure:4357: found /usr/bin/gcc
configure:4368: result: gcc
configure:4597: checking for C compiler version
configure:4606: gcc --version >&5
gcc (Debian 8.3.0-6) 8.3.0
Copyright (C) 2018 Free Software Foundation, Inc.
This is free software; see the source for copying conditions.  There is NO
warranty; not even for MERCHANTABILITY or FITNESS FOR A PARTICULAR PURPOSE.

configure:4617: $? = 0
configure:4606: gcc -v >&5
Using built-in specs.
COLLECT_GCC=gcc
COLLECT_LTO_WRAPPER=/usr/lib/gcc/x86_64-linux-gnu/8/lto-wrapper
OFFLOAD_TARGET_NAMES=nvptx-none
OFFLOAD_TARGET_DEFAULT=1
Target: x86_64-linux-gnu
Configured with: ../src/configure -v --with-pkgversion='Debian 8.3.0-6' --with-bugurl=file:///usr/share/doc/gcc-8/README.Bugs --enable-languages=c,ada,c++,go,brig,d,fortran,objc,obj-c++ --prefix=/usr --with-gcc-major-version-only --program-suffix=-8 --program-prefix=x86_64-linux-gnu- --enable-shared --enable-linker-build-id --libexecdir=/usr/lib --without-included-gettext --enable-threads=posix --libdir=/usr/lib --enable-nls --enable-bootstrap --enable-clocale=gnu --enable-libstdcxx-debug --enable-libstdcxx-time=yes --with-default-libstdcxx-abi=new --enable-gnu-unique-object --disable-vtable-verify --enable-libmpx --enable-plugin --enable-default-pie --with-system-zlib --with-target-system-zlib --enable-objc-gc=auto --enable-multiarch --disable-werror --with-arch-32=i686 --with-abi=m64 --with-multilib-list=m32,m64,mx32 --enable-multilib --with-tune=generic --enable-offload-targets=nvptx-none --without-cuda-driver --enable-checking=release --build=x86_64-linux-gnu --host=x86_64-linux-gnu --target=x86_64-linux-gnu
Thread model: posix
gcc version 8.3.0 (Debian 8.3.0-6) 
configure:4617: $? = 0
configure:4606: gcc -V >&5
gcc: error: unrecognized command line option '-V'
gcc: fatal error: no input files
compilation terminated.
configure:4617: $? = 1
configure:4606: gcc -qversion >&5
gcc: error: unrecognized command line option '-qversion'; did you mean '--version'?
gcc: fatal error: no input files
compilation terminated.
configure:4617: $? = 1
configure:4621: checking whether we are using the GNU C compiler
configure:4640: gcc -c   conftest.c >&5
configure:4640: $? = 0
configure:4649: result: yes
configure:4658: checking whether gcc accepts -g
configure:4678: gcc -c -g  conftest.c >&5
configure:4678: $? = 0
configure:4719: result: yes
configure:4736: checking for gcc option to accept ISO C89
configure:4799: gcc  -c -g -O2  conftest.c >&5
configure:4799: $? = 0
configure:4812: result: none needed
configure:4837: checking whether gcc understands -c and -o together
configure:4859: gcc -c conftest.c -o conftest2.o
configure:4862: $? = 0
configure:4859: gcc -c conftest.c -o conftest2.o
configure:4862: $? = 0
configure:4874: result: yes
configure:4893: checking dependency style of gcc
configure:5004: result: gcc3
configure:5025: checking how to run the C preprocessor
configure:5056: gcc -E  conftest.c
configure:5056: $? = 0
configure:5070: gcc -E  conftest.c
conftest.c:12:10: fatal error: ac_nonexistent.h: No such file or directory
 #include <ac_nonexistent.h>
          ^~~~~~~~~~~~~~~~~~
compilation terminated.
configure:5070: $? = 1
configure: failed program was:
| /* confdefs.h */
| #define PACKAGE_NAME "wzoj_judger"
| #define PACKAGE_TARNAME "wzoj_judger"
| #define PACKAGE_VERSION "0.1"
| #define PACKAGE_STRING "wzoj_judger 0.1"
| #define PACKAGE_BUGREPORT ""
| #define PACKAGE_URL ""
| #define PACKAGE "wzoj_judger"
| #define VERSION "0.1"
| #define GETTEXT_PACKAGE "wzoj_judger"
| /* end confdefs.h.  */
| #include <ac_nonexistent.h>
configure:5095: result: gcc -E
configure:5115: gcc -E  conftest.c
configure:5115: $? = 0
configure:5129: gcc -E  conftest.c
conftest.c:12:10: fatal error: ac_nonexistent.h: No such file or directory
 #include <ac_nonexistent.h>
          ^~~~~~~~~~~~~~~~~~
compilation terminated.
configure:5129: $? = 1
configure: failed program was:
| /* confdefs.h */
| #define PACKAGE_NAME "wzoj_judger"
| #define PACKAGE_TARNAME "wzoj_judger"
| #define PACKAGE_VERSION "0.1"
| #define PACKAGE_STRING "wzoj_judger 0.1"
| #define PACKAGE_BUGREPORT ""
| #define PACKAGE_URL ""
| #define PACKAGE "wzoj_judger"
| #define VERSION "0.1"
| #define GETTEXT_PACKAGE "wzoj_judger"
| /* end confdefs.h.  */
| #include <ac_nonexistent.h>
configure:5158: checking for grep that handles long lines and -e
configure:5216: result: /usr/bin/grep
configure:5221: checking for egrep
configure:5283: result: /usr/bin/grep -E
configure:5288: checking for ANSI C header files
configure:5308: gcc -c -g -O2  conftest.c >&5
configure:5308: $? = 0
configure:5381: gcc -o conftest -g -O2   conftest.c  >&5
configure:5381: $? = 0
configure:5381: ./conftest
configure:5381: $? = 0
configure:5392: result: yes
configure:5405: checking for sys/types.h
configure:5405: gcc -c -g -O2  conftest.c >&5
configure:5405: $? = 0
configure:5405: result: yes
configure:5405: checking for sys/stat.h
configure:5405: gcc -c -g -O2  conftest.c >&5
configure:5405: $? = 0
configure:5405: result: yes
configure:5405: checking for stdlib.h
configure:5405: gcc -c -g -O2  conftest.c >&5
configure:5405: $? = 0
configure:5405: result: yes
configure:5405: checking for string.h
configure:5405: gcc -c -g -O2  conftest.c >&5
configure:5405: $? = 0
configure:5405: result: yes
configure:5405: checking for memory.h
configure:5405: gcc -c -g -O2  conftest.c >&5
configure:5405: $? = 0
configure:5405: result: yes
configure:5405: checking for strings.h
configure:5405: gcc -c -g -O2  conftest.c >&5
configure:5405: $? = 0
configure:5405: result: yes
configure:5405: checking for inttypes.h
configure:5405: gcc -c -g -O2  conftest.c >&5
configure:5405: $? = 0
configure:5405: result: yes
configure:5405: checking for stdint.h
configure:5405: gcc -c -g -O2  conftest.c >&5
configure:5405: $? = 0
configure:5405: result: yes
configure:5405: checking for unistd.h
configure:5405: gcc -c -g -O2  conftest.c >&5
configure:5405: $? = 0
configure:5405: result: yes
configure:5420: checking locale.h usability
configure:5420: gcc -c -g -O2  conftest.c >&5
configure:5420: $? = 0
configure:5420: result: yes
configure:5420: checking locale.h presence
configure:5420: gcc -E  conftest.c
configure:5420: $? = 0
configure:5420: result: yes
configure:5420: checking for locale.h
configure:5420: result: yes
configure:5431: checking for LC_MESSAGES
configure:5447: gcc -o conftest -g -O2   conftest.c  >&5
configure:5447: $? = 0
configure:5455: result: yes
configure:5473: checking for CFPreferencesCopyAppValue
configure:5491: gcc -o conftest -g -O2   conftest.c  -Wl,-framework -Wl,CoreFoundation >&5
conftest.c:24:10: fatal error: CoreFoundation/CFPreferences.h: No such file or directory
 #include <CoreFoundation/CFPreferences.h>
          ^~~~~~~~~~~~~~~~~~~~~~~~~~~~~~~~
compilation terminated.
configure:5491: $? = 1
configure: failed program was:
| /* confdefs.h */
| #define PACKAGE_NAME "wzoj_judger"
| #define PACKAGE_TARNAME "wzoj_judger"
| #define PACKAGE_VERSION "0.1"
| #define PACKAGE_STRING "wzoj_judger 0.1"
| #define PACKAGE_BUGREPORT ""
| #define PACKAGE_URL ""
| #define PACKAGE "wzoj_judger"
| #define VERSION "0.1"
| #define GETTEXT_PACKAGE "wzoj_judger"
| #define STDC_HEADERS 1
| #define HAVE_SYS_TYPES_H 1
| #define HAVE_SYS_STAT_H 1
| #define HAVE_STDLIB_H 1
| #define HAVE_STRING_H 1
| #define HAVE_MEMORY_H 1
| #define HAVE_STRINGS_H 1
| #define HAVE_INTTYPES_H 1
| #define HAVE_STDINT_H 1
| #define HAVE_UNISTD_H 1
| #define HAVE_LOCALE_H 1
| #define HAVE_LC_MESSAGES 1
| /* end confdefs.h.  */
| #include <CoreFoundation/CFPreferences.h>
| int
| main ()
| {
| CFPreferencesCopyAppValue(NULL, NULL)
|   ;
|   return 0;
| }
configure:5500: result: no
configure:5507: checking for CFLocaleCopyCurrent
configure:5525: gcc -o conftest -g -O2   conftest.c  -Wl,-framework -Wl,CoreFoundation >&5
conftest.c:24:10: fatal error: CoreFoundation/CFLocale.h: No such file or directory
 #include <CoreFoundation/CFLocale.h>
          ^~~~~~~~~~~~~~~~~~~~~~~~~~~
compilation terminated.
configure:5525: $? = 1
configure: failed program was:
| /* confdefs.h */
| #define PACKAGE_NAME "wzoj_judger"
| #define PACKAGE_TARNAME "wzoj_judger"
| #define PACKAGE_VERSION "0.1"
| #define PACKAGE_STRING "wzoj_judger 0.1"
| #define PACKAGE_BUGREPORT ""
| #define PACKAGE_URL ""
| #define PACKAGE "wzoj_judger"
| #define VERSION "0.1"
| #define GETTEXT_PACKAGE "wzoj_judger"
| #define STDC_HEADERS 1
| #define HAVE_SYS_TYPES_H 1
| #define HAVE_SYS_STAT_H 1
| #define HAVE_STDLIB_H 1
| #define HAVE_STRING_H 1
| #define HAVE_MEMORY_H 1
| #define HAVE_STRINGS_H 1
| #define HAVE_INTTYPES_H 1
| #define HAVE_STDINT_H 1
| #define HAVE_UNISTD_H 1
| #define HAVE_LOCALE_H 1
| #define HAVE_LC_MESSAGES 1
| /* end confdefs.h.  */
| #include <CoreFoundation/CFLocale.h>
| int
| main ()
| {
| CFLocaleCopyCurrent();
|   ;
|   return 0;
| }
configure:5534: result: no
configure:5548: checking libintl.h usability
configure:5548: gcc -c -g -O2  conftest.c >&5
configure:5548: $? = 0
configure:5548: result: yes
configure:5548: checking libintl.h presence
configure:5548: gcc -E  conftest.c
configure:5548: $? = 0
configure:5548: result: yes
configure:5548: checking for libintl.h
configure:5548: result: yes
configure:5556: checking for ngettext in libc
configure:5574: gcc -o conftest -g -O2   conftest.c  >&5
configure:5574: $? = 0
configure:5583: result: yes
configure:5587: checking for dgettext in libc
configure:5605: gcc -o conftest -g -O2   conftest.c  >&5
configure:5605: $? = 0
configure:5614: result: yes
configure:5621: checking for bind_textdomain_codeset
configure:5621: gcc -o conftest -g -O2   conftest.c  >&5
configure:5621: $? = 0
configure:5621: result: yes
configure:5897: checking for msgfmt
configure:5924: result: /usr/bin/msgfmt
configure:5935: checking for dcgettext
configure:5935: gcc -o conftest -g -O2   conftest.c   >&5
conftest.c:49:6: warning: conflicting types for built-in function 'dcgettext' [-Wbuiltin-declaration-mismatch]
 char dcgettext ();
      ^~~~~~~~~
configure:5935: $? = 0
configure:5935: result: yes
configure:5945: checking if msgfmt accepts -c
configure:5960: $MSGFMT -c -o /dev/null conftest.foo
conftest.foo:3: warning: header field 'Language' missing in header
configure:5963: $? = 0
configure:5965: result: yes
configure:5975: checking for gmsgfmt
configure:6006: result: /usr/bin/msgfmt
configure:6016: checking for xgettext
configure:6043: result: /usr/bin/xgettext
configure:6062: gcc -o conftest -g -O2   conftest.c   >&5
configure:6062: $? = 0
configure:6235: checking build system type
configure:6249: result: x86_64-pc-linux-gnu
configure:6269: checking host system type
configure:6282: result: x86_64-pc-linux-gnu
configure:6323: checking how to print strings
configure:6350: result: printf
configure:6371: checking for a sed that does not truncate output
configure:6435: result: /usr/bin/sed
configure:6453: checking for fgrep
configure:6515: result: /usr/bin/grep -F
configure:6550: checking for ld used by gcc
configure:6617: result: /usr/bin/ld
configure:6624: checking if the linker (/usr/bin/ld) is GNU ld
configure:6639: result: yes
configure:6651: checking for BSD- or MS-compatible name lister (nm)
configure:6705: result: /usr/bin/nm -B
configure:6835: checking the name lister (/usr/bin/nm -B) interface
configure:6842: gcc -c -g -O2  conftest.c >&5
configure:6845: /usr/bin/nm -B "conftest.o"
configure:6848: output
0000000000000000 B some_variable
configure:6849: result: BSD nm
configure:6852: checking whether ln -s works
configure:6856: result: yes
configure:6864: checking the maximum length of command line arguments
configure:6995: result: 1572864
configure:7043: checking how to convert x86_64-pc-linux-gnu file names to x86_64-pc-linux-gnu format
configure:7083: result: func_convert_file_noop
configure:7090: checking how to convert x86_64-pc-linux-gnu file names to toolchain format
configure:7110: result: func_convert_file_noop
configure:7117: checking for /usr/bin/ld option to reload object files
configure:7124: result: -r
configure:7198: checking for objdump
configure:7214: found /usr/bin/objdump
configure:7225: result: objdump
configure:7257: checking how to recognize dependent libraries
configure:7457: result: pass_all
configure:7542: checking for dlltool
configure:7572: result: no
configure:7602: checking how to associate runtime and link libraries
configure:7629: result: printf %s\n
configure:7689: checking for ar
configure:7705: found /usr/bin/ar
configure:7716: result: ar
configure:7753: checking for archiver @FILE support
configure:7770: gcc -c -g -O2  conftest.c >&5
configure:7770: $? = 0
configure:7773: ar cru libconftest.a @conftest.lst >&5
ar: `u' modifier ignored since `D' is the default (see `U')
configure:7776: $? = 0
configure:7781: ar cru libconftest.a @conftest.lst >&5
ar: `u' modifier ignored since `D' is the default (see `U')
ar: conftest.o: No such file or directory
configure:7784: $? = 1
configure:7783: result: @
configure:7841: checking for strip
configure:7857: found /usr/bin/strip
configure:7868: result: strip
configure:7940: checking for ranlib
configure:7956: found /usr/bin/ranlib
configure:7967: result: ranlib
configure:8069: checking command to parse /usr/bin/nm -B output from gcc object
configure:8222: gcc -c -g -O2  conftest.c >&5
configure:8225: $? = 0
configure:8229: /usr/bin/nm -B conftest.o | sed -n -e 's/^.*[	 ]\([ABCDGIRSTW][ABCDGIRSTW]*\)[	 ][	 ]*\([_A-Za-z][_A-Za-z0-9]*\)$/\1 \2 \2/p' | sed '/ __gnu_lto/d' > conftest.nm
configure:8295: gcc -o conftest -g -O2   conftest.c conftstm.o >&5
configure:8298: $? = 0
configure:8336: result: ok
configure:8383: checking for sysroot
configure:8413: result: no
configure:8420: checking for a working dd
configure:8458: result: /usr/bin/dd
configure:8462: checking how to truncate binary pipes
configure:8477: result: /usr/bin/dd bs=4096 count=1
configure:8613: gcc -c -g -O2  conftest.c >&5
configure:8616: $? = 0
configure:8806: checking for mt
configure:8822: found /usr/bin/mt
configure:8833: result: mt
configure:8856: checking if mt is a manifest tool
configure:8862: mt '-?'
configure:8870: result: no
configure:9544: checking for dlfcn.h
configure:9544: gcc -c -g -O2  conftest.c >&5
configure:9544: $? = 0
configure:9544: result: yes
configure:9811: checking for objdir
configure:9826: result: .libs
configure:10086: checking if gcc supports -fno-rtti -fno-exceptions
configure:10104: gcc -c -g -O2  -fno-rtti -fno-exceptions conftest.c >&5
cc1: warning: command line option '-fno-rtti' is valid for C++/ObjC++ but not for C
configure:10108: $? = 0
configure:10121: result: no
configure:10479: checking for gcc option to produce PIC
configure:10486: result: -fPIC -DPIC
configure:10494: checking if gcc PIC flag -fPIC -DPIC works
configure:10512: gcc -c -g -O2  -fPIC -DPIC -DPIC conftest.c >&5
configure:10516: $? = 0
configure:10529: result: yes
configure:10558: checking if gcc static flag -static works
configure:10586: result: yes
configure:10601: checking if gcc supports -c -o file.o
configure:10622: gcc -c -g -O2  -o out/conftest2.o conftest.c >&5
configure:10626: $? = 0
configure:10648: result: yes
configure:10656: checking if gcc supports -c -o file.o
configure:10703: result: yes
configure:10736: checking whether the gcc linker (/usr/bin/ld -m elf_x86_64) supports shared libraries
configure:11999: result: yes
configure:12036: checking whether -lc should be explicitly linked in
configure:12044: gcc -c -g -O2  conftest.c >&5
configure:12047: $? = 0
configure:12062: gcc -shared  -fPIC -DPIC conftest.o  -v -Wl,-soname -Wl,conftest -o conftest 2\>\&1 \| /usr/bin/grep  -lc  \>/dev/null 2\>\&1
configure:12065: $? = 0
configure:12079: result: no
configure:12239: checking dynamic linker characteristics
configure:12820: gcc -o conftest -g -O2   -Wl,-rpath -Wl,/foo conftest.c  >&5
configure:12820: $? = 0
configure:13069: result: GNU/Linux ld.so
configure:13191: checking how to hardcode library paths into programs
configure:13216: result: immediate
configure:13764: checking whether stripping libraries is possible
configure:13769: result: yes
configure:13804: checking if libtool supports shared libraries
configure:13806: result: yes
configure:13809: checking whether to build shared libraries
configure:13834: result: yes
configure:13837: checking whether to build static libraries
configure:13841: result: yes
configure:10640: checking how to run the C++ preprocessor
configure:10667: g++ -E  conftest.cpp
configure:10667: $? = 0
configure:10681: g++ -E  conftest.cpp
conftest.cpp:30:10: fatal error: ac_nonexistent.h: No such file or directory
 #include <ac_nonexistent.h>
          ^~~~~~~~~~~~~~~~~~
compilation terminated.
configure:10681: $? = 1
configure: failed program was:
| /* confdefs.h */
| #define PACKAGE_NAME "wzoj_judger"
| #define PACKAGE_TARNAME "wzoj_judger"
| #define PACKAGE_VERSION "0.1"
| #define PACKAGE_STRING "wzoj_judger 0.1"
| #define PACKAGE_BUGREPORT ""
| #define PACKAGE_URL ""
| #define PACKAGE "wzoj_judger"
| #define VERSION "0.1"
| #define GETTEXT_PACKAGE "wzoj_judger"
| #define STDC_HEADERS 1
| #define HAVE_SYS_TYPES_H 1
| #define HAVE_SYS_STAT_H 1
| #define HAVE_STDLIB_H 1
| #define HAVE_STRING_H 1
| #define HAVE_MEMORY_H 1
| #define HAVE_STRINGS_H 1
| #define HAVE_INTTYPES_H 1
| #define HAVE_STDINT_H 1
| #define HAVE_UNISTD_H 1
| #define HAVE_LOCALE_H 1
| #define HAVE_LC_MESSAGES 1
| #define HAVE_BIND_TEXTDOMAIN_CODESET 1
| #define HAVE_GETTEXT 1
| #define HAVE_DCGETTEXT 1
| #define ENABLE_NLS 1
| #define HAVE_DLFCN_H 1
| #define LT_OBJDIR ".libs/"
| /* end confdefs.h.  */
| #include <ac_nonexistent.h>
configure:10706: result: g++ -E
configure:10726: g++ -E  conftest.cpp
configure:10726: $? = 0
configure:10740: g++ -E  conftest.cpp
conftest.cpp:30:10: fatal error: ac_nonexistent.h: No such file or directory
 #include <ac_nonexistent.h>
          ^~~~~~~~~~~~~~~~~~
compilation terminated.
configure:10740: $? = 1
configure: failed program was:
| /* confdefs.h */
| #define PACKAGE_NAME "wzoj_judger"
| #define PACKAGE_TARNAME "wzoj_judger"
| #define PACKAGE_VERSION "0.1"
| #define PACKAGE_STRING "wzoj_judger 0.1"
| #define PACKAGE_BUGREPORT ""
| #define PACKAGE_URL ""
| #define PACKAGE "wzoj_judger"
| #define VERSION "0.1"
| #define GETTEXT_PACKAGE "wzoj_judger"
| #define STDC_HEADERS 1
| #define HAVE_SYS_TYPES_H 1
| #define HAVE_SYS_STAT_H 1
| #define HAVE_STDLIB_H 1
| #define HAVE_STRING_H 1
| #define HAVE_MEMORY_H 1
| #define HAVE_STRINGS_H 1
| #define HAVE_INTTYPES_H 1
| #define HAVE_STDINT_H 1
| #define HAVE_UNISTD_H 1
| #define HAVE_LOCALE_H 1
| #define HAVE_LC_MESSAGES 1
| #define HAVE_BIND_TEXTDOMAIN_CODESET 1
| #define HAVE_GETTEXT 1
| #define HAVE_DCGETTEXT 1
| #define ENABLE_NLS 1
| #define HAVE_DLFCN_H 1
| #define LT_OBJDIR ".libs/"
| /* end confdefs.h.  */
| #include <ac_nonexistent.h>
configure:10902: checking for ld used by g++
configure:10969: result: /usr/bin/ld -m elf_x86_64
configure:10976: checking if the linker (/usr/bin/ld -m elf_x86_64) is GNU ld
configure:10991: result: yes
configure:11046: checking whether the g++ linker (/usr/bin/ld -m elf_x86_64) supports shared libraries
configure:12119: result: yes
configure:12155: g++ -c -g -O2  conftest.cpp >&5
configure:12158: $? = 0
configure:12639: checking for g++ option to produce PIC
configure:12646: result: -fPIC -DPIC
configure:12654: checking if g++ PIC flag -fPIC -DPIC works
configure:12672: g++ -c -g -O2  -fPIC -DPIC -DPIC conftest.cpp >&5
configure:12676: $? = 0
configure:12689: result: yes
configure:12712: checking if g++ static flag -static works
configure:12740: result: yes
configure:12752: checking if g++ supports -c -o file.o
configure:12773: g++ -c -g -O2  -o out/conftest2.o conftest.cpp >&5
configure:12777: $? = 0
configure:12799: result: yes
configure:12804: checking if g++ supports -c -o file.o
configure:12851: result: yes
configure:12881: checking whether the g++ linker (/usr/bin/ld -m elf_x86_64) supports shared libraries
configure:12924: result: yes
configure:13065: checking dynamic linker characteristics
configure:13822: result: GNU/Linux ld.so
configure:13887: checking how to hardcode library paths into programs
configure:13912: result: immediate
configure:12863: checking for pkg-config
configure:12881: found /usr/bin/pkg-config
configure:12893: result: /usr/bin/pkg-config
configure:12918: checking pkg-config is at least version 0.9.0
configure:12921: result: yes
configure:12931: checking for LIBCURL
configure:12938: $PKG_CONFIG --exists --print-errors "libcurl"
configure:12941: $? = 0
configure:12955: $PKG_CONFIG --exists --print-errors "libcurl"
configure:12958: $? = 0
configure:13016: result: yes
configure:13124: checking that generated files are newer than configure
configure:13130: result: done
configure:13161: creating ./config.status

## ---------------------- ##
## Running config.status. ##
## ---------------------- ##

This file was extended by wzoj_judger config.status 0.1, which was
generated by GNU Autoconf 2.69.  Invocation command line was

  CONFIG_FILES    = 
  CONFIG_HEADERS  = 
  CONFIG_LINKS    = 
  CONFIG_COMMANDS = 
  $ ./config.status 

on vbox

config.status:1228: creating Makefile
config.status:1228: creating src/Makefile
config.status:1228: creating po/Makefile.in
config.status:1228: creating config.h
config.status:1394: config.h is unchanged
config.status:1442: executing depfiles commands
config.status:1519: cd src       && sed -e '/# am--include-marker/d' Makefile         | make -f - am--depfiles
make: Nothing to be done for 'am--depfiles'.
config.status:1524: $? = 0
config.status:1442: executing default-1 commands
config.status:1442: executing libtool commands
config.status:1442: executing po/stamp-it commands

## ---------------- ##
## Cache variables. ##
## ---------------- ##

ac_cv_build=x86_64-pc-linux-gnu
ac_cv_c_compiler_gnu=yes
ac_cv_cxx_compiler_gnu=yes
ac_cv_env_CCC_set=
ac_cv_env_CCC_value=
ac_cv_env_CC_set=
ac_cv_env_CC_value=
ac_cv_env_CFLAGS_set=
ac_cv_env_CFLAGS_value=
ac_cv_env_CPPFLAGS_set=
ac_cv_env_CPPFLAGS_value=
ac_cv_env_CPP_set=
ac_cv_env_CPP_value=
ac_cv_env_CXXCPP_set=
ac_cv_env_CXXCPP_value=
ac_cv_env_CXXFLAGS_set=
ac_cv_env_CXXFLAGS_value=
ac_cv_env_CXX_set=
ac_cv_env_CXX_value=
ac_cv_env_LDFLAGS_set=
ac_cv_env_LDFLAGS_value=
ac_cv_env_LIBCURL_CFLAGS_set=
ac_cv_env_LIBCURL_CFLAGS_value=
ac_cv_env_LIBCURL_LIBS_set=
ac_cv_env_LIBCURL_LIBS_value=
ac_cv_env_LIBS_set=
ac_cv_env_LIBS_value=
ac_cv_env_LT_SYS_LIBRARY_PATH_set=
ac_cv_env_LT_SYS_LIBRARY_PATH_value=
ac_cv_env_PKG_CONFIG_LIBDIR_set=
ac_cv_env_PKG_CONFIG_LIBDIR_value=
ac_cv_env_PKG_CONFIG_PATH_set=
ac_cv_env_PKG_CONFIG_PATH_value=
ac_cv_env_PKG_CONFIG_set=
ac_cv_env_PKG_CONFIG_value=
ac_cv_env_build_alias_set=
ac_cv_env_build_alias_value=
ac_cv_env_host_alias_set=
ac_cv_env_host_alias_value=
ac_cv_env_target_alias_set=
ac_cv_env_target_alias_value=
ac_cv_func_bind_textdomain_codeset=yes
ac_cv_func_dcgettext=yes
ac_cv_header_dlfcn_h=yes
ac_cv_header_inttypes_h=yes
ac_cv_header_libintl_h=yes
ac_cv_header_locale_h=yes
ac_cv_header_memory_h=yes
ac_cv_header_stdc=yes
ac_cv_header_stdint_h=yes
ac_cv_header_stdlib_h=yes
ac_cv_header_string_h=yes
ac_cv_header_strings_h=yes
ac_cv_header_sys_stat_h=yes
ac_cv_header_sys_types_h=yes
ac_cv_header_unistd_h=yes
ac_cv_host=x86_64-pc-linux-gnu
ac_cv_objext=o
ac_cv_path_EGREP='/usr/bin/grep -E'
ac_cv_path_FGREP='/usr/bin/grep -F'
ac_cv_path_GMSGFMT=/usr/bin/msgfmt
ac_cv_path_GREP=/usr/bin/grep
ac_cv_path_INTLTOOL_EXTRACT=/usr/bin/intltool-extract
ac_cv_path_INTLTOOL_MERGE=/usr/bin/intltool-merge
ac_cv_path_INTLTOOL_PERL=/usr/bin/perl
ac_cv_path_INTLTOOL_UPDATE=/usr/bin/intltool-update
ac_cv_path_MSGFMT=/usr/bin/msgfmt
ac_cv_path_MSGMERGE=/usr/bin/msgmerge
ac_cv_path_SED=/usr/bin/sed
ac_cv_path_XGETTEXT=/usr/bin/xgettext
ac_cv_path_ac_pt_PKG_CONFIG=/usr/bin/pkg-config
ac_cv_path_install='/usr/bin/install -c'
ac_cv_path_lt_DD=/usr/bin/dd
ac_cv_path_mkdir=/usr/bin/mkdir
ac_cv_prog_AWK=mawk
ac_cv_prog_CPP='gcc -E'
ac_cv_prog_CXXCPP='g++ -E'
ac_cv_prog_ac_ct_AR=ar
ac_cv_prog_ac_ct_CC=gcc
ac_cv_prog_ac_ct_CXX=g++
ac_cv_prog_ac_ct_MANIFEST_TOOL=mt
ac_cv_prog_ac_ct_OBJDUMP=objdump
ac_cv_prog_ac_ct_RANLIB=ranlib
ac_cv_prog_ac_ct_STRIP=strip
ac_cv_prog_cc_c89=
ac_cv_prog_cc_g=yes
ac_cv_prog_cxx_g=yes
ac_cv_prog_make_make_set=yes
am_cv_CC_dependencies_compiler_type=gcc3
am_cv_CXX_dependencies_compiler_type=gcc3
am_cv_make_support_nested_variables=yes
am_cv_prog_cc_c_o=yes
am_cv_val_LC_MESSAGES=yes
gt_cv_func_CFLocaleCopyCurrent=no
gt_cv_func_CFPreferencesCopyAppValue=no
gt_cv_func_dgettext_libc=yes
gt_cv_func_dgettext_libintl=no
gt_cv_func_ngettext_libc=yes
gt_cv_have_gettext=yes
lt_cv_ar_at_file=@
lt_cv_archive_cmds_need_lc=no
lt_cv_deplibs_check_method=pass_all
lt_cv_file_magic_cmd='$MAGIC_CMD'
lt_cv_file_magic_test_file=
lt_cv_ld_reload_flag=-r
lt_cv_nm_interface='BSD nm'
lt_cv_objdir=.libs
lt_cv_path_LD=/usr/bin/ld
lt_cv_path_LDCXX='/usr/bin/ld -m elf_x86_64'
lt_cv_path_NM='/usr/bin/nm -B'
lt_cv_path_mainfest_tool=no
lt_cv_prog_compiler_c_o=yes
lt_cv_prog_compiler_c_o_CXX=yes
lt_cv_prog_compiler_pic='-fPIC -DPIC'
lt_cv_prog_compiler_pic_CXX='-fPIC -DPIC'
lt_cv_prog_compiler_pic_works=yes
lt_cv_prog_compiler_pic_works_CXX=yes
lt_cv_prog_compiler_rtti_exceptions=no
lt_cv_prog_compiler_static_works=yes
lt_cv_prog_compiler_static_works_CXX=yes
lt_cv_prog_gnu_ld=yes
lt_cv_prog_gnu_ldcxx=yes
lt_cv_sharedlib_from_linklib_cmd='printf %s\n'
lt_cv_shlibpath_overrides_runpath=yes
lt_cv_sys_global_symbol_pipe='sed -n -e '\''s/^.*[	 ]\([ABCDGIRSTW][ABCDGIRSTW]*\)[	 ][	 ]*\([_A-Za-z][_A-Za-z0-9]*\)$/\1 \2 \2/p'\'' | sed '\''/ __gnu_lto/d'\'''
lt_cv_sys_global_symbol_to_c_name_address='sed -n -e '\''s/^: \(.*\) .*$/  {"\1", (void *) 0},/p'\'' -e '\''s/^[ABCDGIRSTW][ABCDGIRSTW]* .* \(.*\)$/  {"\1", (void *) \&\1},/p'\'''
lt_cv_sys_global_symbol_to_c_name_address_lib_prefix='sed -n -e '\''s/^: \(.*\) .*$/  {"\1", (void *) 0},/p'\'' -e '\''s/^[ABCDGIRSTW][ABCDGIRSTW]* .* \(lib.*\)$/  {"\1", (void *) \&\1},/p'\'' -e '\''s/^[ABCDGIRSTW][ABCDGIRSTW]* .* \(.*\)$/  {"lib\1", (void *) \&\1},/p'\'''
lt_cv_sys_global_symbol_to_cdecl='sed -n -e '\''s/^T .* \(.*\)$/extern int \1();/p'\'' -e '\''s/^[ABCDGIRSTW][ABCDGIRSTW]* .* \(.*\)$/extern char \1;/p'\'''
lt_cv_sys_global_symbol_to_import=
lt_cv_sys_max_cmd_len=1572864
lt_cv_to_host_file_cmd=func_convert_file_noop
lt_cv_to_tool_file_cmd=func_convert_file_noop
lt_cv_truncate_bin='/usr/bin/dd bs=4096 count=1'
pkg_cv_LIBCURL_CFLAGS=-I/usr/include/x86_64-linux-gnu
pkg_cv_LIBCURL_LIBS=-lcurl

## ----------------- ##
## Output variables. ##
## ----------------- ##

ACLOCAL='${SHELL} /home/massimo/wzoj-judger/missing aclocal-1.16'
ALL_LINGUAS=''
AMDEPBACKSLASH='\'
AMDEP_FALSE='#'
AMDEP_TRUE=''
AMTAR='$${TAR-tar}'
AM_BACKSLASH='\'
AM_DEFAULT_V='$(AM_DEFAULT_VERBOSITY)'
AM_DEFAULT_VERBOSITY='0'
AM_V='$(V)'
AR='ar'
AUTOCONF='${SHELL} /home/massimo/wzoj-judger/missing autoconf'
AUTOHEADER='${SHELL} /home/massimo/wzoj-judger/missing autoheader'
AUTOMAKE='${SHELL} /home/massimo/wzoj-judger/missing automake-1.16'
AWK='mawk'
CATALOGS=''
CATOBJEXT='.gmo'
CC='gcc'
CCDEPMODE='depmode=gcc3'
CFLAGS='-g -O2'
CPP='gcc -E'
CPPFLAGS=''
CXX='g++'
CXXCPP='g++ -E'
CXXDEPMODE='depmode=gcc3'
CXXFLAGS='-g -O2'
CYGPATH_W='echo'
DATADIRNAME='share'
DEFS='-DHAVE_CONFIG_H'
DEPDIR='.deps'
DLLTOOL='false'
DSYMUTIL=''
DUMPBIN=''
ECHO_C=''
ECHO_N='-n'
ECHO_T=''
EGREP='/usr/bin/grep -E'
EXEEXT=''
FGREP='/usr/bin/grep -F'
GETTEXT_PACKAGE='wzoj_judger'
GMOFILES=''
GMSGFMT='/usr/bin/msgfmt'
GREP='/usr/bin/grep'
INSTALL_DATA='${INSTALL} -m 644'
INSTALL_PROGRAM='${INSTALL}'
INSTALL_SCRIPT='${INSTALL}'
INSTALL_STRIP_PROGRAM='$(install_sh) -c -s'
INSTOBJEXT='.mo'
INTLLIBS=''
INTLTOOL_CAVES_RULE='%.caves:     %.caves.in     $(INTLTOOL_MERGE) $(wildcard $(top_srcdir)/po/*.po) ; $(INTLTOOL_V_MERGE)LC_ALL=C $(INTLTOOL_MERGE) $(INTLTOOL_V_MERGE_OPTIONS) -d -u -c $(top_builddir)/po/.intltool-merge-cache $(top_srcdir)/po $< $@'
INTLTOOL_DESKTOP_RULE='%.desktop:   %.desktop.in   $(INTLTOOL_MERGE) $(wildcard $(top_srcdir)/po/*.po) ; $(INTLTOOL_V_MERGE)LC_ALL=C $(INTLTOOL_MERGE) $(INTLTOOL_V_MERGE_OPTIONS) -d -u -c $(top_builddir)/po/.intltool-merge-cache $(top_srcdir)/po $< $@'
INTLTOOL_DIRECTORY_RULE='%.directory: %.directory.in $(INTLTOOL_MERGE) $(wildcard $(top_srcdir)/po/*.po) ; $(INTLTOOL_V_MERGE)LC_ALL=C $(INTLTOOL_MERGE) $(INTLTOOL_V_MERGE_OPTIONS) -d -u -c $(top_builddir)/po/.intltool-merge-cache $(top_srcdir)/po $< $@'
INTLTOOL_EXTRACT='/usr/bin/intltool-extract'
INTLTOOL_KBD_RULE='%.kbd:       %.kbd.in       $(INTLTOOL_MERGE) $(wildcard $(top_srcdir)/po/*.po) ; $(INTLTOOL_V_MERGE)LC_ALL=C $(INTLTOOL_MERGE) $(INTLTOOL_V_MERGE_OPTIONS) -x -u -m -c $(top_builddir)/po/.intltool-merge-cache $(top_srcdir)/po $< $@'
INTLTOOL_KEYS_RULE='%.keys:      %.keys.in      $(INTLTOOL_MERGE) $(wildcard $(top_srcdir)/po/*.po) ; $(INTLTOOL_V_MERGE)LC_ALL=C $(INTLTOOL_MERGE) $(INTLTOOL_V_MERGE_OPTIONS) -k -u -c $(top_builddir)/po/.intltool-merge-cache $(top_srcdir)/po $< $@'
INTLTOOL_MERGE='/usr/bin/intltool-merge'
INTLTOOL_OAF_RULE='%.oaf:       %.oaf.in       $(INTLTOOL_MERGE) $(wildcard $(top_srcdir)/po/*.po) ; $(INTLTOOL_V_MERGE)LC_ALL=C $(INTLTOOL_MERGE) $(INTLTOOL_V_MERGE_OPTIONS) -o -p $(top_srcdir)/po $< $@'
INTLTOOL_PERL='/usr/bin/perl'
INTLTOOL_POLICY_RULE='%.policy:    %.policy.in    $(INTLTOOL_MERGE) $(wildcard $(top_srcdir)/po/*.po) ; $(INTLTOOL_V_MERGE)LC_ALL=C $(INTLTOOL_MERGE) $(INTLTOOL_V_MERGE_OPTIONS) -x -u -c $(top_builddir)/po/.intltool-merge-cache $(top_srcdir)/po $< $@'
INTLTOOL_PONG_RULE='%.pong:      %.pong.in      $(INTLTOOL_MERGE) $(wildcard $(top_srcdir)/po/*.po) ; $(INTLTOOL_V_MERGE)LC_ALL=C $(INTLTOOL_MERGE) $(INTLTOOL_V_MERGE_OPTIONS) -x -u -c $(top_builddir)/po/.intltool-merge-cache $(top_srcdir)/po $< $@'
INTLTOOL_PROP_RULE='%.prop:      %.prop.in      $(INTLTOOL_MERGE) $(wildcard $(top_srcdir)/po/*.po) ; $(INTLTOOL_V_MERGE)LC_ALL=C $(INTLTOOL_MERGE) $(INTLTOOL_V_MERGE_OPTIONS) -d -u -c $(top_builddir)/po/.intltool-merge-cache $(top_srcdir)/po $< $@'
INTLTOOL_SCHEMAS_RULE='%.schemas:   %.schemas.in   $(INTLTOOL_MERGE) $(wildcard $(top_srcdir)/po/*.po) ; $(INTLTOOL_V_MERGE)LC_ALL=C $(INTLTOOL_MERGE) $(INTLTOOL_V_MERGE_OPTIONS) -s -u -c $(top_builddir)/po/.intltool-merge-cache $(top_srcdir)/po $< $@'
INTLTOOL_SERVER_RULE='%.server:    %.server.in    $(INTLTOOL_MERGE) $(wildcard $(top_srcdir)/po/*.po) ; $(INTLTOOL_V_MERGE)LC_ALL=C $(INTLTOOL_MERGE) $(INTLTOOL_V_MERGE_OPTIONS) -o -u -c $(top_builddir)/po/.intltool-merge-cache $(top_srcdir)/po $< $@'
INTLTOOL_SERVICE_RULE='%.service: %.service.in   $(INTLTOOL_MERGE) $(wildcard $(top_srcdir)/po/*.po) ; $(INTLTOOL_V_MERGE)LC_ALL=C $(INTLTOOL_MERGE) $(INTLTOOL_V_MERGE_OPTIONS) -d -u -c $(top_builddir)/po/.intltool-merge-cache $(top_srcdir)/po $< $@'
INTLTOOL_SHEET_RULE='%.sheet:     %.sheet.in     $(INTLTOOL_MERGE) $(wildcard $(top_srcdir)/po/*.po) ; $(INTLTOOL_V_MERGE)LC_ALL=C $(INTLTOOL_MERGE) $(INTLTOOL_V_MERGE_OPTIONS) -x -u -c $(top_builddir)/po/.intltool-merge-cache $(top_srcdir)/po $< $@'
INTLTOOL_SOUNDLIST_RULE='%.soundlist: %.soundlist.in $(INTLTOOL_MERGE) $(wildcard $(top_srcdir)/po/*.po) ; $(INTLTOOL_V_MERGE)LC_ALL=C $(INTLTOOL_MERGE) $(INTLTOOL_V_MERGE_OPTIONS) -d -u -c $(top_builddir)/po/.intltool-merge-cache $(top_srcdir)/po $< $@'
INTLTOOL_THEME_RULE='%.theme:     %.theme.in     $(INTLTOOL_MERGE) $(wildcard $(top_srcdir)/po/*.po) ; $(INTLTOOL_V_MERGE)LC_ALL=C $(INTLTOOL_MERGE) $(INTLTOOL_V_MERGE_OPTIONS) -d -u -c $(top_builddir)/po/.intltool-merge-cache $(top_srcdir)/po $< $@'
INTLTOOL_UI_RULE='%.ui:        %.ui.in        $(INTLTOOL_MERGE) $(wildcard $(top_srcdir)/po/*.po) ; $(INTLTOOL_V_MERGE)LC_ALL=C $(INTLTOOL_MERGE) $(INTLTOOL_V_MERGE_OPTIONS) -x -u -c $(top_builddir)/po/.intltool-merge-cache $(top_srcdir)/po $< $@'
INTLTOOL_UPDATE='/usr/bin/intltool-update'
INTLTOOL_V_MERGE='$(INTLTOOL__v_MERGE_$(V))'
INTLTOOL_V_MERGE_OPTIONS='$(intltool__v_merge_options_$(V))'
INTLTOOL_XAM_RULE='%.xam:       %.xml.in       $(INTLTOOL_MERGE) $(wildcard $(top_srcdir)/po/*.po) ; $(INTLTOOL_V_MERGE)LC_ALL=C $(INTLTOOL_MERGE) $(INTLTOOL_V_MERGE_OPTIONS) -x -u -c $(top_builddir)/po/.intltool-merge-cache $(top_srcdir)/po $< $@'
INTLTOOL_XML_NOMERGE_RULE='%.xml:       %.xml.in       $(INTLTOOL_MERGE) ; $(INTLTOOL_V_MERGE)LC_ALL=C $(INTLTOOL_MERGE) $(INTLTOOL_V_MERGE_OPTIONS) -x -u --no-translations $< $@'
INTLTOOL_XML_RULE='%.xml:       %.xml.in       $(INTLTOOL_MERGE) $(wildcard $(top_srcdir)/po/*.po) ; $(INTLTOOL_V_MERGE)LC_ALL=C $(INTLTOOL_MERGE) $(INTLTOOL_V_MERGE_OPTIONS) -x -u -c $(top_builddir)/po/.intltool-merge-cache $(top_srcdir)/po $< $@'
INTLTOOL__v_MERGE_0='@echo "  ITMRG " $@;'
INTLTOOL__v_MERGE_='$(INTLTOOL__v_MERGE_$(AM_DEFAULT_VERBOSITY))'
INTL_MACOSX_LIBS=''
LD='/usr/bin/ld -m elf_x86_64'
LDFLAGS=''
LIBCURL_CFLAGS='-I/usr/include/x86_64-linux-gnu'
LIBCURL_LIBS='-lcurl'
LIBOBJS=''
LIBS=''
LIBTOOL='$(SHELL) $(top_builddir)/libtool'
LIPO=''
LN_S='ln -s'
LTLIBOBJS=''
LT_SYS_LIBRARY_PATH=''
MAKEINFO='${SHELL} /home/massimo/wzoj-judger/missing makeinfo'
MANIFEST_TOOL=':'
MKDIR_P='/usr/bin/mkdir -p'
MKINSTALLDIRS='../mkinstalldirs'
MSGFMT='/usr/bin/msgfmt'
MSGFMT_OPTS='-c'
MSGMERGE='/usr/bin/msgmerge'
NM='/usr/bin/nm -B'
NMEDIT=''
OBJDUMP='objdump'
OBJEXT='o'
OTOOL64=''
OTOOL=''
PACKAGE='wzoj_judger'
PACKAGE_BUGREPORT=''
PACKAGE_NAME='wzoj_judger'
PACKAGE_STRING='wzoj_judger 0.1'
PACKAGE_TARNAME='wzoj_judger'
PACKAGE_URL=''
PACKAGE_VERSION='0.1'
PATH_SEPARATOR=':'
PKG_CONFIG='/usr/bin/pkg-config'
PKG_CONFIG_LIBDIR=''
PKG_CONFIG_PATH=''
POFILES=''
POSUB='po'
PO_IN_DATADIR_FALSE=''
PO_IN_DATADIR_TRUE=''
RANLIB='ranlib'
SED='/usr/bin/sed'
SET_MAKE=''
SHELL='/bin/bash'
STRIP='strip'
USE_NLS='yes'
VERSION='0.1'
XGETTEXT='/usr/bin/xgettext'
ac_ct_AR='ar'
ac_ct_CC='gcc'
ac_ct_CXX='g++'
ac_ct_DUMPBIN=''
am__EXEEXT_FALSE=''
am__EXEEXT_TRUE='#'
am__fastdepCC_FALSE='#'
am__fastdepCC_TRUE=''
am__fastdepCXX_FALSE='#'
am__fastdepCXX_TRUE=''
am__include='include'
am__isrc=' -I$(srcdir)'
am__leading_dot='.'
am__nodep='_no'
am__quote=''
am__tar='$${TAR-tar} chof - "$$tardir"'
am__untar='$${TAR-tar} xf -'
bindir='${exec_prefix}/bin'
build='x86_64-pc-linux-gnu'
build_alias=''
build_cpu='x86_64'
build_os='linux-gnu'
build_vendor='pc'
datadir='${datarootdir}'
datarootdir='${prefix}/share'
docdir='${datarootdir}/doc/${PACKAGE_TARNAME}'
dvidir='${docdir}'
exec_prefix='${prefix}'
host='x86_64-pc-linux-gnu'
host_alias=''
host_cpu='x86_64'
host_os='linux-gnu'
host_vendor='pc'
htmldir='${docdir}'
includedir='${prefix}/include'
infodir='${datarootdir}/info'
install_sh='${SHELL} /home/massimo/wzoj-judger/install-sh'
intltool__v_merge_options_0='-q'
intltool__v_merge_options_='$(intltool__v_merge_options_$(AM_DEFAULT_VERBOSITY))'
libdir='${exec_prefix}/lib'
libexecdir='${exec_prefix}/libexec'
localedir='${datarootdir}/locale'
localstatedir='${prefix}/var'
mandir='${datarootdir}/man'
mkdir_p='$(MKDIR_P)'
oldincludedir='/usr/include'
pdfdir='${docdir}'
prefix='/usr/local'
program_transform_name='s,x,x,'
psdir='${docdir}'
runstatedir='${localstatedir}/run'
sbindir='${exec_prefix}/sbin'
sharedstatedir='${prefix}/com'
sysconfdir='${prefix}/etc'
target_alias=''

## ----------- ##
## confdefs.h. ##
## ----------- ##

/* confdefs.h */
#define PACKAGE_NAME "wzoj_judger"
#define PACKAGE_TARNAME "wzoj_judger"
#define PACKAGE_VERSION "0.1"
#define PACKAGE_STRING "wzoj_judger 0.1"
#define PACKAGE_BUGREPORT ""
#define PACKAGE_URL ""
#define PACKAGE "wzoj_judger"
#define VERSION "0.1"
#define GETTEXT_PACKAGE "wzoj_judger"
#define STDC_HEADERS 1
#define HAVE_SYS_TYPES_H 1
#define HAVE_SYS_STAT_H 1
#define HAVE_STDLIB_H 1
#define HAVE_STRING_H 1
#define HAVE_MEMORY_H 1
#define HAVE_STRINGS_H 1
#define HAVE_INTTYPES_H 1
#define HAVE_STDINT_H 1
#define HAVE_UNISTD_H 1
#define HAVE_LOCALE_H 1
#define HAVE_LC_MESSAGES 1
#define HAVE_BIND_TEXTDOMAIN_CODESET 1
#define HAVE_GETTEXT 1
#define HAVE_DCGETTEXT 1
#define ENABLE_NLS 1
#define HAVE_DLFCN_H 1
#define LT_OBJDIR ".libs/"

configure: exit 0
